<?xml version="1.0" encoding="UTF-8"?>
<!-- Generated by org.testng.reporters.JUnitReportReporter -->
<testsuite hostname="Tushar" failures="0" tests="1" name="google.Google_Test" time="29.426" errors="0" timestamp="29 Sep 2020 05:14:47 GMT">
  <testcase classname="google.Google_Test" name="t" time="29.426"/>
</testsuite> <!-- google.Google_Test -->
